<?xml version="1.0" encoding="UTF-8"?>
<!-- Generated by org.testng.reporters.JUnitReportReporter -->
<testsuite hostname="LTIN197254" failures="0" tests="4" name="lambdatestjava.LambdaTestJava3" time="20.921" errors="0" timestamp="2022-10-23T22:03:48 IST" skipped="0">
  <testcase classname="lambdatestjava.LambdaTestJava3" name="testScenario3" time="6.919"/>
  <system-out/>
  <testcase classname="lambdatestjava.LambdaTestJava3" name="testScenario3" time="5.041"/>
  <system-out/>
  <testcase classname="lambdatestjava.LambdaTestJava3" name="testScenario3" time="4.158"/>
  <system-out/>
  <testcase classname="lambdatestjava.LambdaTestJava3" name="testScenario3" time="4.803"/>
  <system-out/>
</testsuite> <!-- lambdatestjava.LambdaTestJava3 -->
