<?xml version="1.0" encoding="UTF-8"?>
<!-- Generated by org.testng.reporters.JUnitReportReporter -->
<testsuite hostname="LTIN197254" failures="0" tests="4" name="lambdatestjava.LambdaTestJava2" time="30.618" errors="0" timestamp="2022-10-23T22:03:48 IST" skipped="0">
  <testcase classname="lambdatestjava.LambdaTestJava2" name="testScenario2" time="7.086"/>
  <system-out/>
  <testcase classname="lambdatestjava.LambdaTestJava2" name="testScenario2" time="7.522"/>
  <system-out/>
  <testcase classname="lambdatestjava.LambdaTestJava2" name="testScenario2" time="8.464"/>
  <system-out/>
  <testcase classname="lambdatestjava.LambdaTestJava2" name="testScenario2" time="7.546"/>
  <system-out/>
</testsuite> <!-- lambdatestjava.LambdaTestJava2 -->
