<?xml version="1.0" encoding="UTF-8"?>
<!-- Generated by org.testng.reporters.JUnitReportReporter -->
<testsuite hostname="LTIN197254" failures="0" tests="4" name="lambdatestjava.LambdaTestJava" time="3.241" errors="0" timestamp="2022-10-23T22:03:48 IST" skipped="0">
  <testcase classname="lambdatestjava.LambdaTestJava" name="testScenario1" time="0.786"/>
  <system-out/>
  <testcase classname="lambdatestjava.LambdaTestJava" name="testScenario1" time="0.771"/>
  <system-out/>
  <testcase classname="lambdatestjava.LambdaTestJava" name="testScenario1" time="0.903"/>
  <system-out/>
  <testcase classname="lambdatestjava.LambdaTestJava" name="testScenario1" time="0.781"/>
  <system-out/>
</testsuite> <!-- lambdatestjava.LambdaTestJava -->
